<?xml version="1.0" encoding="UTF-8"?>
<!-- Generated by org.testng.reporters.JUnitXMLReporter -->
<testsuite hostname="dell-PC" ignored="1" name="SampleTest" tests="4" failures="0" timestamp="04 Jan 2021 12:49:15 GMT" time="154.217" errors="0">
  <testcase name="amazon" time="50.124" classname="com.DecMavenpackage.DecMavenProject.TNG_02"/>
  <testcase name="f" time="0.0" classname="com.DecMavenpackage.DecMavenProject.NewTest"/>
  <testcase name="f" time="0.015" classname="com.DecMavenpackage.DecMavenProject.TNG_01"/>
  <testcase name="z" time="0.0" classname="com.DecMavenpackage.DecMavenProject.TNG_01"/>
  <testcase name="a" time="0.0" classname="com.DecMavenpackage.DecMavenProject.TNG_01">
    <ignored/>
  </testcase> <!-- a -->
</testsuite> <!-- SampleTest -->
