<?xml version="1.0" encoding="UTF-8"?>
<!-- Generated by org.testng.reporters.JUnitXMLReporter -->
<testsuite hostname="dell-PC" ignored="1" name="SampleTest" tests="4" failures="0" timestamp="10 Jan 2021 16:51:24 GMT" time="0.354" errors="0">
  <testcase name="@BeforeMethod startProcess" time="0.273" classname="com.DecMavenpackage.DecMavenProject.TNG_02">
    <failure type="java.lang.NullPointerException">
      <![CDATA[java.lang.NullPointerException
at com.DecMavenpackage.DecMavenProject.BaseTest2.navigateurl(BaseTest2.java:107)
at com.DecMavenpackage.DecMavenProject.TNG_02.startProcess(TNG_02.java:24)
... Removed 28 stack frames]]>
    </failure>
  </testcase> <!-- @BeforeMethod startProcess -->
  <testcase name="@AfterMethod endProcess" time="0.0" classname="com.DecMavenpackage.DecMavenProject.TNG_02">
    <skipped/>
  </testcase> <!-- @AfterMethod endProcess -->
  <testcase name="amazon" time="0.0" classname="com.DecMavenpackage.DecMavenProject.TNG_02">
    <skipped/>
  </testcase> <!-- amazon -->
  <testcase name="f" time="0.003" classname="com.DecMavenpackage.DecMavenProject.NewTest"/>
  <testcase name="f" time="0.004" classname="com.DecMavenpackage.DecMavenProject.TNG_01"/>
  <testcase name="z" time="0.002" classname="com.DecMavenpackage.DecMavenProject.TNG_01"/>
  <testcase name="a" time="0.0" classname="com.DecMavenpackage.DecMavenProject.TNG_01">
    <ignored/>
  </testcase> <!-- a -->
</testsuite> <!-- SampleTest -->
