<?xml version="1.0" encoding="UTF-8"?>
<!-- Generated by org.testng.reporters.JUnitXMLReporter -->
<testsuite hostname="dell-PC" ignored="0" name="Test" tests="1" failures="0" timestamp="10 Jan 2021 17:08:33 GMT" time="0.227" errors="0">
  <testcase name="@BeforeMethod startProcess" time="0.158" classname="com.DecMavenpackage.DecMavenProject.TNG_02">
    <failure type="java.lang.NoSuchFieldError" message="VERSION_2_3_23">
      <![CDATA[java.lang.NoSuchFieldError: VERSION_2_3_23
at com.relevantcodes.extentreports.HTMLReporter.start(HTMLReporter.java:76)
at com.relevantcodes.extentreports.Report.attach(Report.java:318)
at com.relevantcodes.extentreports.ExtentReports.<init>(ExtentReports.java:86)
at com.relevantcodes.extentreports.ExtentReports.<init>(ExtentReports.java:420)
at com.DecMavenpackage.DecMavenProject.extentmanager.getInstance(extentmanager.java:16)
at com.DecMavenpackage.DecMavenProject.BaseTest2.init(BaseTest2.java:62)
at com.DecMavenpackage.DecMavenProject.TNG_02.startProcess(TNG_02.java:17)
... Removed 28 stack frames]]>
    </failure>
  </testcase> <!-- @BeforeMethod startProcess -->
  <testcase name="@AfterMethod endProcess" time="0.0" classname="com.DecMavenpackage.DecMavenProject.TNG_02">
    <skipped/>
  </testcase> <!-- @AfterMethod endProcess -->
  <testcase name="amazon" time="0.0" classname="com.DecMavenpackage.DecMavenProject.TNG_02">
    <skipped/>
  </testcase> <!-- amazon -->
</testsuite> <!-- Test -->
