<?xml version="1.0" encoding="UTF-8"?>
<testng-results skipped="0" failed="0" ignored="0" total="2" passed="2">
  <reporter-output>
  </reporter-output>
  <suite name="SuiteParallel" duration-ms="4245" started-at="2021-01-10T14:32:50Z" finished-at="2021-01-10T14:32:54Z">
    <groups>
    </groups>
    <test name="TestParallel" duration-ms="2157" started-at="2021-01-10T14:32:50Z" finished-at="2021-01-10T14:32:52Z">
      <class name="SuiteA.SuiteA1">
        <test-method status="PASS" signature="f()[pri:0, instance:SuiteA.SuiteA1@43301423]" name="f" duration-ms="2023" started-at="2021-01-10T14:32:50Z" finished-at="2021-01-10T14:32:52Z">
          <reporter-output>
          </reporter-output>
        </test-method> <!-- f -->
      </class> <!-- SuiteA.SuiteA1 -->
    </test> <!-- TestParallel -->
    <test name="TestParallel2" duration-ms="2007" started-at="2021-01-10T14:32:52Z" finished-at="2021-01-10T14:32:54Z">
      <class name="SuiteA.SuiteA2">
        <test-method status="PASS" signature="f()[pri:0, instance:SuiteA.SuiteA2@4b5a5ed1]" name="f" duration-ms="2002" started-at="2021-01-10T14:32:52Z" finished-at="2021-01-10T14:32:54Z">
          <reporter-output>
          </reporter-output>
        </test-method> <!-- f -->
      </class> <!-- SuiteA.SuiteA2 -->
    </test> <!-- TestParallel2 -->
  </suite> <!-- SuiteParallel -->
</testng-results>
