<?xml version="1.0" encoding="UTF-8"?>
<!-- Generated by org.testng.reporters.JUnitXMLReporter -->
<testsuite hostname="dell-PC" ignored="3" tests="0" failures="0" timestamp="04 Jan 2021 16:53:52 GMT" time="0.047" errors="0">
  <testcase name="linktesting1" time="0.0" classname="com.DecMavenpackage.DecMavenProject.LinksTesting1">
    <ignored/>
  </testcase> <!-- linktesting1 -->
  <testcase name="checkboxTest" time="0.0" classname="com.DecMavenpackage.DecMavenProject.CheckBox1">
    <ignored/>
  </testcase> <!-- checkboxTest -->
  <testcase name="radioButtonTest" time="0.0" classname="com.DecMavenpackage.DecMavenProject.RadioButton1">
    <ignored/>
  </testcase> <!-- radioButtonTest -->
</testsuite>
